<?xml version="1.0" encoding="UTF-8"?>
<!-- Generated by org.testng.reporters.JUnitReportReporter -->
<testsuite hostname="LAPTOP-69PVCUGI" name="Basic.MathOperators" tests="1" failures="0" timestamp="15 Oct 2019 00:16:09 GMT" time="7.573" errors="0">
  <testcase name="test" time="7.573" classname="Basic.MathOperators"/>
</testsuite> <!-- Basic.MathOperators -->
