<?xml version="1.0" encoding="UTF-8"?>
<!-- Generated by org.testng.reporters.JUnitReportReporter -->
<testsuite hostname="LAPTOP-69PVCUGI" name="Basic.Addition" tests="1" failures="0" timestamp="13 Oct 2019 23:28:37 GMT" time="11.626" errors="0">
  <testcase name="addition" time="11.626" classname="Basic.Addition"/>
</testsuite> <!-- Basic.Addition -->
