<?xml version="1.0" encoding="UTF-8"?>
<!-- Generated by org.testng.reporters.JUnitReportReporter -->
<testsuite hostname="LAPTOP-69PVCUGI" name="Basic.MathOperators" tests="1" failures="0" timestamp="14 Oct 2019 00:41:00 GMT" time="4.408" errors="0">
  <testcase name="multiplyUpTo10" time="4.408" classname="Basic.MathOperators"/>
</testsuite> <!-- Basic.MathOperators -->
